2026/03/07 14:59:01 Database connection established
[GIN-debug] [WARNING] Creating an Engine instance with the Logger and Recovery middleware already attached.

[GIN-debug] [WARNING] Running in "debug" mode. Switch to "release" mode in production.
 - using env:	export GIN_MODE=release
 - using code:	gin.SetMode(gin.ReleaseMode)

[GIN-debug] GET    /health                   --> main.main.func1 (5 handlers)
[GIN-debug] GET    /api/vendors/packages     --> munira_crm_backend/internal/delivery/http.(*VendorHandler).FetchAllPackages-fm (5 handlers)
[GIN-debug] GET    /api/leads                --> munira_crm_backend/internal/delivery/http.(*LeadHandler).GetLeads-fm (5 handlers)
[GIN-debug] GET    /api/leads/:id            --> munira_crm_backend/internal/delivery/http.(*LeadHandler).GetLead-fm (5 handlers)
[GIN-debug] GET    /api/leads/stats/overview --> munira_crm_backend/internal/delivery/http.(*LeadHandler).GetStatsOverview-fm (5 handlers)
[GIN-debug] GET    /api/leads/:id/history    --> munira_crm_backend/internal/delivery/http.(*LeadHandler).GetHistory-fm (5 handlers)
[GIN-debug] PUT    /api/leads/:id            --> munira_crm_backend/internal/delivery/http.(*LeadHandler).UpdateLead-fm (5 handlers)
[GIN-debug] POST   /api/leads/manual         --> munira_crm_backend/internal/delivery/http.(*LeadHandler).CreateManualLead-fm (5 handlers)
[GIN-debug] DELETE /api/leads/:id            --> munira_crm_backend/internal/delivery/http.(*LeadHandler).DeleteLead-fm (5 handlers)
[GIN-debug] GET    /api/forms                --> munira_crm_backend/internal/delivery/http.(*FormHandler).FetchAll-fm (5 handlers)
[GIN-debug] GET    /api/forms/:id            --> munira_crm_backend/internal/delivery/http.(*FormHandler).GetByID-fm (5 handlers)
[GIN-debug] POST   /api/forms                --> munira_crm_backend/internal/delivery/http.(*FormHandler).Create-fm (5 handlers)
[GIN-debug] POST   /api/auth/login           --> munira_crm_backend/internal/delivery/http.(*AuthHandler).Login-fm (5 handlers)
[GIN-debug] POST   /api/auth/register        --> munira_crm_backend/internal/delivery/http.(*AuthHandler).Register-fm (5 handlers)
[GIN-debug] GET    /api/auth/team            --> munira_crm_backend/internal/delivery/http.(*AuthHandler).FetchTeam-fm (5 handlers)
[GIN-debug] GET    /api/team                 --> munira_crm_backend/internal/delivery/http.(*TeamHandler).GetTeam-fm (5 handlers)
[GIN-debug] POST   /api/team                 --> munira_crm_backend/internal/delivery/http.(*TeamHandler).CreateMember-fm (5 handlers)
[GIN-debug] PUT    /api/team/:id             --> munira_crm_backend/internal/delivery/http.(*TeamHandler).UpdateMember-fm (5 handlers)
[GIN-debug] POST   /api/team/:id/reset-password --> munira_crm_backend/internal/delivery/http.(*TeamHandler).ResetPassword-fm (5 handlers)
[GIN-debug] DELETE /api/team/:id             --> munira_crm_backend/internal/delivery/http.(*TeamHandler).DeleteMember-fm (5 handlers)
[GIN-debug] GET    /api/programs             --> munira_crm_backend/internal/delivery/http.(*ProgramHandler).GetPrograms-fm (5 handlers)
[GIN-debug] POST   /api/programs             --> munira_crm_backend/internal/delivery/http.(*ProgramHandler).CreateProgram-fm (5 handlers)
[GIN-debug] PUT    /api/programs/:id         --> munira_crm_backend/internal/delivery/http.(*ProgramHandler).UpdateProgram-fm (5 handlers)
[GIN-debug] DELETE /api/programs/:id         --> munira_crm_backend/internal/delivery/http.(*ProgramHandler).DeleteProgram-fm (5 handlers)
[GIN-debug] GET    /api/pages                --> munira_crm_backend/internal/delivery/http.(*PageSettingHandler).GetAll-fm (5 handlers)
[GIN-debug] GET    /api/pages/packages       --> munira_crm_backend/internal/delivery/http.(*PageSettingHandler).GetPackages-fm (5 handlers)
[GIN-debug] GET    /api/pages/cover          --> munira_crm_backend/internal/delivery/http.(*PageSettingHandler).GetCover-fm (5 handlers)
[GIN-debug] GET    /api/pages/default        --> munira_crm_backend/internal/delivery/http.(*PageSettingHandler).GetDefault-fm (5 handlers)
[GIN-debug] GET    /api/pages/:folder/config --> munira_crm_backend/internal/delivery/http.(*PageSettingHandler).GetConfig-fm (5 handlers)
[GIN-debug] POST   /api/pages                --> munira_crm_backend/internal/delivery/http.(*PageSettingHandler).DummyPost-fm (5 handlers)
[GIN-debug] PUT    /api/pages/:folder        --> munira_crm_backend/internal/delivery/http.(*PageSettingHandler).SaveConfig-fm (5 handlers)
[GIN-debug] GET    /api/settings             --> munira_crm_backend/internal/delivery/http.(*SettingHandler).GetAllSettings-fm (5 handlers)
[GIN-debug] GET    /api/settings/:key        --> munira_crm_backend/internal/delivery/http.(*SettingHandler).GetSettingKey-fm (5 handlers)
[GIN-debug] POST   /api/settings             --> munira_crm_backend/internal/delivery/http.(*SettingHandler).SaveSetting-fm (5 handlers)
[GIN-debug] GET    /api/wilayah/search       --> munira_crm_backend/internal/delivery/http.(*WilayahHandler).Search-fm (5 handlers)
[GIN-debug] GET    /api/wilayah/status       --> munira_crm_backend/internal/delivery/http.(*WilayahHandler).Status-fm (5 handlers)
[GIN-debug] GET    /api/trash                --> munira_crm_backend/internal/delivery/http.(*TrashHandler).GetTrash-fm (5 handlers)
[GIN-debug] POST   /api/trash/restore/:type/:id --> munira_crm_backend/internal/delivery/http.(*TrashHandler).Restore-fm (5 handlers)
[GIN-debug] DELETE /api/trash/hard-delete/:type/:id --> munira_crm_backend/internal/delivery/http.(*TrashHandler).HardDelete-fm (5 handlers)
[GIN-debug] POST   /api/trash/empty          --> munira_crm_backend/internal/delivery/http.(*TrashHandler).EmptyTrash-fm (5 handlers)
[GIN-debug] GET    /Imron23/*filepath        --> github.com/gin-gonic/gin.(*RouterGroup).createStaticHandler.func1 (5 handlers)
[GIN-debug] HEAD   /Imron23/*filepath        --> github.com/gin-gonic/gin.(*RouterGroup).createStaticHandler.func1 (5 handlers)
[GIN-debug] GET    /                         --> main.main.func2 (5 handlers)
2026/03/07 14:59:01 Server starting on port 8080
[GIN-debug] [WARNING] You trusted all proxies, this is NOT safe. We recommend you to set a value.
Please check https://github.com/gin-gonic/gin/blob/master/docs/doc.md#dont-trust-all-proxies for details.
[GIN-debug] Listening and serving HTTP on :8080
[wilayah] Loaded cache successfully: 7215 items
[GIN] 2026/03/07 - 14:59:05 | 200 |  31.57ms |             ::1 | GET      "/api/leads/stats/overview"
[GIN] 2026/03/07 - 14:59:05 | 200 |  31.69ms |             ::1 | GET      "/api/leads/stats/overview"
[GIN] 2026/03/07 - 14:59:12 | 200 |   8.19ms |             ::1 | GET      "/api/programs"
[GIN] 2026/03/07 - 14:59:12 | 200 |   8.27ms |             ::1 | GET      "/api/programs"
[GIN] 2026/03/07 - 14:59:21 | 200 |   2.71ms |             ::1 | GET      "/api/wilayah/search?q=gambi"
[GIN] 2026/03/07 - 14:59:21 | 200 |   2.78ms |             ::1 | GET      "/api/wilayah/search?q=gambi"
[GIN] 2026/03/07 - 14:59:31 | 200 |    3.8ms |             ::1 | GET      "/api/programs"
[GIN] 2026/03/07 - 14:59:31 | 200 |   3.87ms |             ::1 | GET      "/api/programs"
[GIN] 2026/03/07 - 14:59:35 | 200 |   6.75ms |             ::1 | GET      "/api/leads/stats/overview"
[GIN] 2026/03/07 - 14:59:35 | 200 |   6.84ms |             ::1 | GET      "/api/leads/stats/overview"
[GIN] 2026/03/07 - 15:00:00 | 200 |   4.58ms |             ::1 | GET      "/api/programs"
[GIN] 2026/03/07 - 15:00:00 | 200 |   4.64ms |             ::1 | GET      "/api/programs"
[GIN] 2026/03/07 - 15:00:05 | 200 |   7.51ms |             ::1 | GET      "/api/leads/stats/overview"
[GIN] 2026/03/07 - 15:00:05 | 200 |   7.57ms |             ::1 | GET      "/api/leads/stats/overview"
[GIN] 2026/03/07 - 15:00:13 | 200 |    4.3ms |             ::1 | GET      "/api/programs"
[GIN] 2026/03/07 - 15:00:13 | 200 |   4.37ms |             ::1 | GET      "/api/programs"
[GIN] 2026/03/07 - 15:00:24 | 200 |   4.85ms |             ::1 | GET      "/api/programs"
[GIN] 2026/03/07 - 15:00:24 | 200 |   5.03ms |             ::1 | GET      "/api/programs"
[GIN] 2026/03/07 - 15:00:35 | 200 |  15.72ms |             ::1 | GET      "/api/leads/stats/overview"
[GIN] 2026/03/07 - 15:00:35 | 200 |  15.95ms |             ::1 | GET      "/api/leads/stats/overview"
[GIN] 2026/03/07 - 15:00:35 | 200 |   2.46ms |             ::1 | GET      "/api/programs"
[GIN] 2026/03/07 - 15:00:35 | 200 |    2.5ms |             ::1 | GET      "/api/programs"
[GIN] 2026/03/07 - 15:01:05 | 200 |    6.4ms |             ::1 | GET      "/api/leads/stats/overview"
[GIN] 2026/03/07 - 15:01:05 | 200 |   6.48ms |             ::1 | GET      "/api/leads/stats/overview"
[GIN] 2026/03/07 - 15:01:35 | 200 |   7.12ms |             ::1 | GET      "/api/leads/stats/overview"
[GIN] 2026/03/07 - 15:01:35 | 200 |   7.26ms |             ::1 | GET      "/api/leads/stats/overview"
[GIN] 2026/03/07 - 15:01:56 | 200 |   3.99ms |             ::1 | GET      "/"
[GIN] 2026/03/07 - 15:01:56 | 200 |   4.05ms |             ::1 | GET      "/"
[GIN] 2026/03/07 - 15:01:56 | 200 | 395.66µs |             ::1 | GET      "/lp-liburan/style-main.css"
[GIN] 2026/03/07 - 15:01:56 | 200 | 556.882µs |             ::1 | GET      "/lp-liburan/style-main.css"
[GIN] 2026/03/07 - 15:01:56 | 200 | 459.942µs |             ::1 | GET      "/shared/tracking.js"
[GIN] 2026/03/07 - 15:01:56 | 200 | 645.012µs |             ::1 | GET      "/shared/tracking.js"
[GIN] 2026/03/07 - 15:01:56 | 200 | 308.745µs |             ::1 | GET      "/logo.png"
[GIN] 2026/03/07 - 15:01:56 | 200 | 367.497µs |             ::1 | GET      "/logo.png"
[GIN] 2026/03/07 - 15:01:56 | 200 | 289.419µs |             ::1 | GET      "/assets/js/wilayah.js"
[GIN] 2026/03/07 - 15:01:56 | 200 | 337.358µs |             ::1 | GET      "/assets/js/wilayah.js"
[GIN] 2026/03/07 - 15:01:56 | 200 | 134.31µs |             ::1 | GET      "/shared/lp-cover.js"
[GIN] 2026/03/07 - 15:01:56 | 200 | 229.839µs |             ::1 | GET      "/shared/lp-cover.js"
[GIN] 2026/03/07 - 15:01:56 | 200 | 271.349µs |             ::1 | GET      "/lp-liburan/script-liburan-v2.js"
[GIN] 2026/03/07 - 15:01:56 | 200 | 444.908µs |             ::1 | GET      "/lp-liburan/script-liburan-v2.js"
[GIN] 2026/03/07 - 15:01:56 | 404 |   6.29ms |             ::1 | GET      "/api/settings/public"
[GIN] 2026/03/07 - 15:01:56 | 404 |   6.36ms |             ::1 | GET      "/api/settings/public"
[GIN] 2026/03/07 - 15:01:56 | 200 |  28.16ms |             ::1 | GET      "/api/pages/cover?folder=root"
[GIN] 2026/03/07 - 15:01:56 | 200 |  28.23ms |             ::1 | GET      "/api/pages/cover?folder=root"
[GIN] 2026/03/07 - 15:01:56 | 200 |   9.73ms |             ::1 | GET      "/api/pages/lp-2-long/config"
[GIN] 2026/03/07 - 15:01:56 | 200 |   9.82ms |             ::1 | GET      "/api/pages/lp-2-long/config"
[GIN] 2026/03/07 - 15:01:56 | 206 | 336.626µs |             ::1 | GET      "/assets/munira-hero.mp4"
[GIN] 2026/03/07 - 15:01:56 | 206 | 389.454µs |             ::1 | GET      "/assets/munira-hero.mp4"
[GIN] 2026/03/07 - 15:01:56 | 206 |  93.47ms |             ::1 | GET      "/assets/munira-hero.mp4"
[GIN] 2026/03/07 - 15:01:56 | 206 |  93.54ms |             ::1 | GET      "/assets/munira-hero.mp4"
[GIN] 2026/03/07 - 15:01:56 | 200 | 394.814µs |             ::1 | GET      "/logo.png"
[GIN] 2026/03/07 - 15:01:56 | 200 | 451.05µs |             ::1 | GET      "/logo.png"
[GIN] 2026/03/07 - 15:01:56 | 200 | 856.099µs |             ::1 | GET      "/assets/hotel.png"
[GIN] 2026/03/07 - 15:01:56 | 200 | 929.897µs |             ::1 | GET      "/assets/hotel.png"
[GIN] 2026/03/07 - 15:01:56 | 200 |   1.04ms |             ::1 | GET      "/assets/train.png"
[GIN] 2026/03/07 - 15:01:56 | 200 |   1.17ms |             ::1 | GET      "/assets/train.png"
[GIN] 2026/03/07 - 15:01:56 | 200 |   2.54ms |             ::1 | GET      "/assets/masjidil-haram.png"
[GIN] 2026/03/07 - 15:01:56 | 200 |   2.65ms |             ::1 | GET      "/assets/masjidil-haram.png"
[GIN] 2026/03/07 - 15:02:03 | 200 |   2.35ms |             ::1 | GET      "/api/wilayah/search?q=cis"
[GIN] 2026/03/07 - 15:02:03 | 200 |   2.42ms |             ::1 | GET      "/api/wilayah/search?q=cis"
[GIN] 2026/03/07 - 15:02:05 | 200 |   7.85ms |             ::1 | GET      "/api/leads/stats/overview"
[GIN] 2026/03/07 - 15:02:05 | 200 |   7.93ms |             ::1 | GET      "/api/leads/stats/overview"
[GIN] 2026/03/07 - 15:02:07 | 200 | 338.485µs |             ::1 | GET      "/api/wilayah/search?q=band"
[GIN] 2026/03/07 - 15:02:07 | 200 | 380.119µs |             ::1 | GET      "/api/wilayah/search?q=band"
[GIN] 2026/03/07 - 15:02:08 | 206 |  26.14ms |             ::1 | GET      "/assets/munira-hero.mp4"
[GIN] 2026/03/07 - 15:02:08 | 206 |   26.2ms |             ::1 | GET      "/assets/munira-hero.mp4"
[GIN] 2026/03/07 - 15:02:09 | 206 | 180.73ms |             ::1 | GET      "/assets/munira-hero.mp4"
[GIN] 2026/03/07 - 15:02:09 | 206 | 186.68ms |             ::1 | GET      "/assets/munira-hero.mp4"
[GIN] 2026/03/07 - 15:02:09 | 206 |  15.33ms |             ::1 | GET      "/assets/munira-hero.mp4"
[GIN] 2026/03/07 - 15:02:09 | 206 |  15.41ms |             ::1 | GET      "/assets/munira-hero.mp4"
[GIN] 2026/03/07 - 15:02:09 | 206 |   1.37ms |             ::1 | GET      "/assets/munira-hero.mp4"
[GIN] 2026/03/07 - 15:02:09 | 206 |   1.41ms |             ::1 | GET      "/assets/munira-hero.mp4"
[GIN] 2026/03/07 - 15:02:09 | 206 | 248.52ms |             ::1 | GET      "/assets/munira-hero.mp4"
[GIN] 2026/03/07 - 15:02:09 | 206 | 248.59ms |             ::1 | GET      "/assets/munira-hero.mp4"
[GIN] 2026/03/07 - 15:02:09 | 206 |   10.1ms |             ::1 | GET      "/assets/munira-hero.mp4"
[GIN] 2026/03/07 - 15:02:09 | 206 |  10.14ms |             ::1 | GET      "/assets/munira-hero.mp4"
[GIN] 2026/03/07 - 15:02:09 | 206 |  13.05ms |             ::1 | GET      "/assets/munira-hero.mp4"
[GIN] 2026/03/07 - 15:02:09 | 206 |  13.14ms |             ::1 | GET      "/assets/munira-hero.mp4"
[GIN] 2026/03/07 - 15:02:09 | 206 |   2.36ms |             ::1 | GET      "/assets/munira-hero.mp4"
[GIN] 2026/03/07 - 15:02:09 | 206 |    2.4ms |             ::1 | GET      "/assets/munira-hero.mp4"
[GIN] 2026/03/07 - 15:02:10 | 206 | 241.97ms |             ::1 | GET      "/assets/munira-hero.mp4"
[GIN] 2026/03/07 - 15:02:10 | 206 | 242.05ms |             ::1 | GET      "/assets/munira-hero.mp4"
[GIN] 2026/03/07 - 15:02:10 | 206 |   2.64ms |             ::1 | GET      "/assets/munira-hero.mp4"
[GIN] 2026/03/07 - 15:02:10 | 206 |   2.75ms |             ::1 | GET      "/assets/munira-hero.mp4"
[GIN] 2026/03/07 - 15:02:10 | 206 | 219.14ms |             ::1 | GET      "/assets/munira-hero.mp4"
[GIN] 2026/03/07 - 15:02:10 | 206 | 219.22ms |             ::1 | GET      "/assets/munira-hero.mp4"
[GIN] 2026/03/07 - 15:02:10 | 206 |   3.56ms |             ::1 | GET      "/assets/munira-hero.mp4"
[GIN] 2026/03/07 - 15:02:10 | 206 |   3.61ms |             ::1 | GET      "/assets/munira-hero.mp4"
[GIN] 2026/03/07 - 15:02:11 | 206 | 243.45ms |             ::1 | GET      "/assets/munira-hero.mp4"
[GIN] 2026/03/07 - 15:02:11 | 206 | 243.56ms |             ::1 | GET      "/assets/munira-hero.mp4"
[GIN] 2026/03/07 - 15:02:11 | 206 |   3.29ms |             ::1 | GET      "/assets/munira-hero.mp4"
[GIN] 2026/03/07 - 15:02:11 | 206 |   3.36ms |             ::1 | GET      "/assets/munira-hero.mp4"
[GIN] 2026/03/07 - 15:02:11 | 206 | 735.767µs |             ::1 | GET      "/assets/munira-hero.mp4"
[GIN] 2026/03/07 - 15:02:11 | 206 | 772.808µs |             ::1 | GET      "/assets/munira-hero.mp4"
[GIN] 2026/03/07 - 15:02:11 | 206 |    15.2s |             ::1 | GET      "/assets/munira-hero.mp4"
[GIN] 2026/03/07 - 15:02:11 | 206 |    15.2s |             ::1 | GET      "/assets/munira-hero.mp4"
[GIN] 2026/03/07 - 15:02:11 | 206 | 473.666µs |             ::1 | GET      "/assets/munira-hero.mp4"
[GIN] 2026/03/07 - 15:02:11 | 206 | 524.167µs |             ::1 | GET      "/assets/munira-hero.mp4"
[GIN] 2026/03/07 - 15:02:11 | 206 |   4.13ms |             ::1 | GET      "/assets/munira-hero.mp4"
[GIN] 2026/03/07 - 15:02:11 | 206 |   4.18ms |             ::1 | GET      "/assets/munira-hero.mp4"
[GIN] 2026/03/07 - 15:02:12 | 206 |   2.44ms |             ::1 | GET      "/assets/munira-hero.mp4"
[GIN] 2026/03/07 - 15:02:12 | 206 |   2.49ms |             ::1 | GET      "/assets/munira-hero.mp4"
[GIN] 2026/03/07 - 15:02:12 | 206 | 857.182µs |             ::1 | GET      "/assets/munira-hero.mp4"
[GIN] 2026/03/07 - 15:02:12 | 206 | 949.473µs |             ::1 | GET      "/assets/munira-hero.mp4"
[GIN] 2026/03/07 - 15:02:12 | 206 |   1.83ms |             ::1 | GET      "/assets/munira-hero.mp4"
[GIN] 2026/03/07 - 15:02:12 | 206 |   1.89ms |             ::1 | GET      "/assets/munira-hero.mp4"
[GIN] 2026/03/07 - 15:02:12 | 206 |   1.66ms |             ::1 | GET      "/assets/munira-hero.mp4"
[GIN] 2026/03/07 - 15:02:12 | 206 |   1.71ms |             ::1 | GET      "/assets/munira-hero.mp4"
[GIN] 2026/03/07 - 15:02:13 | 206 |   1.48ms |             ::1 | GET      "/assets/munira-hero.mp4"
[GIN] 2026/03/07 - 15:02:13 | 206 |   1.59ms |             ::1 | GET      "/assets/munira-hero.mp4"
[GIN] 2026/03/07 - 15:02:13 | 206 |   7.52ms |             ::1 | GET      "/assets/munira-hero.mp4"
[GIN] 2026/03/07 - 15:02:13 | 206 |   7.56ms |             ::1 | GET      "/assets/munira-hero.mp4"
[GIN] 2026/03/07 - 15:02:13 | 206 | 428.012µs |             ::1 | GET      "/assets/munira-hero.mp4"
[GIN] 2026/03/07 - 15:02:13 | 206 | 534.513µs |             ::1 | GET      "/assets/munira-hero.mp4"
[GIN] 2026/03/07 - 15:02:15 | 206 |   1.78ms |             ::1 | GET      "/assets/munira-hero.mp4"
[GIN] 2026/03/07 - 15:02:15 | 206 |   1.83ms |             ::1 | GET      "/assets/munira-hero.mp4"
[GIN] 2026/03/07 - 15:02:16 | 206 |   4.26ms |             ::1 | GET      "/assets/munira-hero.mp4"
[GIN] 2026/03/07 - 15:02:16 | 206 |   4.31ms |             ::1 | GET      "/assets/munira-hero.mp4"
[GIN] 2026/03/07 - 15:02:17 | 206 |   2.37ms |             ::1 | GET      "/assets/munira-hero.mp4"
[GIN] 2026/03/07 - 15:02:17 | 206 |   2.43ms |             ::1 | GET      "/assets/munira-hero.mp4"
[GIN] 2026/03/07 - 15:02:17 | 206 |   1.62ms |             ::1 | GET      "/assets/munira-hero.mp4"
[GIN] 2026/03/07 - 15:02:17 | 206 |   1.67ms |             ::1 | GET      "/assets/munira-hero.mp4"
[GIN] 2026/03/07 - 15:02:18 | 206 |   2.23ms |             ::1 | GET      "/assets/munira-hero.mp4"
[GIN] 2026/03/07 - 15:02:18 | 206 |    2.3ms |             ::1 | GET      "/assets/munira-hero.mp4"
[GIN] 2026/03/07 - 15:02:18 | 206 |   2.28ms |             ::1 | GET      "/assets/munira-hero.mp4"
[GIN] 2026/03/07 - 15:02:18 | 206 |   2.35ms |             ::1 | GET      "/assets/munira-hero.mp4"
[GIN] 2026/03/07 - 15:02:18 | 206 |   2.13ms |             ::1 | GET      "/assets/munira-hero.mp4"
[GIN] 2026/03/07 - 15:02:18 | 206 |   2.19ms |             ::1 | GET      "/assets/munira-hero.mp4"
[GIN] 2026/03/07 - 15:02:19 | 206 |   2.24ms |             ::1 | GET      "/assets/munira-hero.mp4"
[GIN] 2026/03/07 - 15:02:19 | 206 |   2.29ms |             ::1 | GET      "/assets/munira-hero.mp4"
[GIN] 2026/03/07 - 15:02:19 | 206 | 706.621µs |             ::1 | GET      "/assets/munira-hero.mp4"
[GIN] 2026/03/07 - 15:02:19 | 206 | 771.37µs |             ::1 | GET      "/assets/munira-hero.mp4"
[GIN] 2026/03/07 - 15:02:35 | 200 |   5.94ms |             ::1 | GET      "/api/leads/stats/overview"
[GIN] 2026/03/07 - 15:02:35 | 200 |   6.01ms |             ::1 | GET      "/api/leads/stats/overview"
[GIN] 2026/03/07 - 15:02:35 | 404 | 61.861µs |             ::1 | POST     "/api/leads"
[GIN] 2026/03/07 - 15:02:35 | 404 | 146.134µs |             ::1 | POST     "/api/leads"
[GIN] 2026/03/07 - 15:02:36 | 206 |   3.95ms |             ::1 | GET      "/assets/munira-hero.mp4"
[GIN] 2026/03/07 - 15:02:36 | 206 |   4.08ms |             ::1 | GET      "/assets/munira-hero.mp4"
[GIN] 2026/03/07 - 15:02:52 | 206 | 738.319µs |             ::1 | GET      "/assets/munira-hero.mp4"
[GIN] 2026/03/07 - 15:02:52 | 206 | 840.819µs |             ::1 | GET      "/assets/munira-hero.mp4"
[GIN] 2026/03/07 - 15:02:57 | 206 |   8.99ms |             ::1 | GET      "/assets/munira-hero.mp4"
[GIN] 2026/03/07 - 15:02:57 | 206 |   9.16ms |             ::1 | GET      "/assets/munira-hero.mp4"
[GIN] 2026/03/07 - 15:03:05 | 200 |   20.6ms |             ::1 | GET      "/api/leads/stats/overview"
[GIN] 2026/03/07 - 15:03:05 | 200 |   20.7ms |             ::1 | GET      "/api/leads/stats/overview"
[GIN] 2026/03/07 - 15:03:16 | 206 |   2.61ms |             ::1 | GET      "/assets/munira-hero.mp4"
[GIN] 2026/03/07 - 15:03:16 | 206 |   2.69ms |             ::1 | GET      "/assets/munira-hero.mp4"
[GIN] 2026/03/07 - 15:03:30 | 206 | 207.069µs |             ::1 | GET      "/assets/munira-hero.mp4"
[GIN] 2026/03/07 - 15:03:30 | 206 | 259.082µs |             ::1 | GET      "/assets/munira-hero.mp4"
[GIN] 2026/03/07 - 15:03:31 | 206 | 195.267µs |             ::1 | GET      "/assets/munira-hero.mp4"
[GIN] 2026/03/07 - 15:03:31 | 206 | 251.927µs |             ::1 | GET      "/assets/munira-hero.mp4"
[GIN] 2026/03/07 - 15:03:32 | 206 |   6.85ms |             ::1 | GET      "/assets/munira-hero.mp4"
[GIN] 2026/03/07 - 15:03:32 | 206 |    6.9ms |             ::1 | GET      "/assets/munira-hero.mp4"
[GIN] 2026/03/07 - 15:03:33 | 206 |   8.89ms |             ::1 | GET      "/assets/munira-hero.mp4"
[GIN] 2026/03/07 - 15:03:33 | 206 |   8.96ms |             ::1 | GET      "/assets/munira-hero.mp4"
[GIN] 2026/03/07 - 15:03:35 | 200 |   6.04ms |             ::1 | GET      "/api/leads/stats/overview"
[GIN] 2026/03/07 - 15:03:35 | 200 |   6.11ms |             ::1 | GET      "/api/leads/stats/overview"
[GIN] 2026/03/07 - 15:03:56 | 206 |   2.43ms |             ::1 | GET      "/assets/munira-hero.mp4"
[GIN] 2026/03/07 - 15:03:56 | 206 |   2.49ms |             ::1 | GET      "/assets/munira-hero.mp4"
[GIN] 2026/03/07 - 15:03:57 | 200 |   8.01ms |             ::1 | GET      "/api/programs"
[GIN] 2026/03/07 - 15:03:57 | 200 |   8.09ms |             ::1 | GET      "/api/programs"
[GIN] 2026/03/07 - 15:04:05 | 200 |    6.9ms |             ::1 | GET      "/api/leads/stats/overview"
[GIN] 2026/03/07 - 15:04:05 | 200 |   6.97ms |             ::1 | GET      "/api/leads/stats/overview"
[GIN] 2026/03/07 - 15:04:08 | 200 |   2.89ms |             ::1 | GET      "/api/programs"
[GIN] 2026/03/07 - 15:04:08 | 200 |   2.95ms |             ::1 | GET      "/api/programs"
[GIN] 2026/03/07 - 15:04:15 | 206 |   3.58ms |             ::1 | GET      "/assets/munira-hero.mp4"
[GIN] 2026/03/07 - 15:04:15 | 206 |   3.72ms |             ::1 | GET      "/assets/munira-hero.mp4"
[GIN] 2026/03/07 - 15:04:16 | 200 |    4.3ms |             ::1 | GET      "/api/programs"
[GIN] 2026/03/07 - 15:04:16 | 200 |   4.43ms |             ::1 | GET      "/api/programs"
[GIN] 2026/03/07 - 15:04:20 | 206 |   1.73ms |             ::1 | GET      "/assets/munira-hero.mp4"
[GIN] 2026/03/07 - 15:04:20 | 206 |   1.79ms |             ::1 | GET      "/assets/munira-hero.mp4"
